Looking for git in: git
Using git 2.17.1 from git
> git rev-parse --git-dir
Open repository: /home/abraham/git_test
> git status -z -u
> git symbolic-ref --short HEAD
> git rev-parse master
fatal: ambiguous argument 'master': unknown revision or path not in the working tree.
Use '--' to separate paths from revisions, like this:
'git <command> [<revision>...] -- [<file>...]'
> git for-each-ref --sort -committerdate --format %(refname) %(objectname)
> git remote --verbose
> git config --get commit.template
> git check-ignore -v -z --stdin
> git show --textconv :README.md
> git ls-files --stage -- /home/abraham/git_test/README.md
> git status -z -u
> git check-ignore -v -z --stdin
> git symbolic-ref --short HEAD
> git rev-parse master
fatal: ambiguous argument 'master': unknown revision or path not in the working tree.
Use '--' to separate paths from revisions, like this:
'git <command> [<revision>...] -- [<file>...]'
> git for-each-ref --sort -committerdate --format %(refname) %(objectname)
> git remote --verbose
> git config --get commit.template
> git show --textconv HEAD:README.md
> git ls-tree -l HEAD -- /home/abraham/git_test/README.md
fatal: Not a valid object name HEAD
> git show --textconv HEAD:README.md
> git ls-tree -l HEAD -- /home/abraham/git_test/README.md
fatal: Not a valid object name HEAD
> git ls-tree -l HEAD -- /home/abraham/git_test/README.md
fatal: Not a valid object name HEAD
> git show --textconv :README.md
> git ls-files --stage -- /home/abraham/git_test/README.md
> git log --format=%H%n%aN%n%aE%n%at%n%ct%n%P%n%B -z -n21 -- /home/abraham/git_test/README.md
fatal: your current branch 'master' does not have any commits yet
> git log --format=%H%n%aN%n%aE%n%at%n%ct%n%P%n%B -z -n21 -- /home/abraham/git_test/README.md
fatal: your current branch 'master' does not have any commits yet
> git log --format=%H%n%aN%n%aE%n%at%n%ct%n%P%n%B -z -n21 -- /home/abraham/git_test/README.md
fatal: your current branch 'master' does not have any commits yet
> git status -z -u
> git symbolic-ref --short HEAD
> git rev-parse master
fatal: ambiguous argument 'master': unknown revision or path not in the working tree.
Use '--' to separate paths from revisions, like this:
'git <command> [<revision>...] -- [<file>...]'
> git for-each-ref --sort -committerdate --format %(refname) %(objectname)
> git remote --verbose
> git config --get commit.template
